<?xml version="1.0" encoding="UTF-8"?>
<!-- Generated by org.testng.reporters.JUnitReportReporter -->
<testsuite hostname="DESKTOP-NPK11H1" failures="0" tests="3" name="testng.test_price" time="14.091" errors="0" timestamp="2022-11-27T06:48:11 GMT" skipped="0">
  <testcase classname="testng.test_price" name="Test_Adding_Itim_DELL_G15" time="8.305"/>
  <system-out/>
  <testcase classname="testng.test_price" name="we_need_to_check_the_correct_price" time="4.708"/>
  <system-out/>
  <testcase classname="testng.test_price" name="we_need_to_check_the__price_Discount" time="1.078"/>
  <system-out/>
</testsuite> <!-- testng.test_price -->
